18316
18332
18345
18356
18368
18380
18392
18401
18408
18412
18414
18414
18417
18420
18424
18426
18431
18433
18433
18433
18434
18433
18433
18431
18428
18423
18421
18420
18421
18424
18430
18433
18436
18439
18441
18441
18442
18440
18438
18439
18440
18441
18449
18454
18456
18455
18454
18450
18447
18447
18449
18451
18451
18452
18453
18450
18447
18445
18440
18437
18438
18440
18443
18448
18452
18454
18455
18453
18451
18450
18452
18454
18460
18462
18462
18459
18453
18448
18444
18444
18446
18450
18453
18456
18456
18453
18452
18453
18455
18455
18455
18457
18458
18461
18465
18467
18465
18462
18460
18457
18457
18459
18461
18463
18466
18468
18469
18467
18465
18462
18458
18457
18457
18458
18457
18457
18456
18454
18455
18458
18461
18463
18465
18465
18462
18458
18456
18454
18451
18449
18447
18446
18445
18445
18446
18448
18450
18453
18454
18455
18455
18455
18455
18453
18452
18453
18452
18453
18455
18453
18448
18444
18440
18437
18435
18433
18430
18425
18424
18425
18427
18428
18428
18424
18420
18419
18420
18421
18423
18425
18426
18427
18428
18430
18430
18428
18426
18425
18425
18426
18427
18427
18426
18424
18423
18422
18423
18424
18427
18429
18430
18431
18432
18429
18425
18423
18423
18424
18425
18426
18427
18426
18426
18427
18428
18426
18426
18423
18424
18426
18431
18434
18436
18436
18435
18430
18425
18423
18422
18421
18422
18424
18425
18424
18422
18418
18415
18411
18409
18408
18409
18410
18412
18415
18416
18416
18415
18413
18412
18411
18413
18415
18417
18417
18417
18415
18411
18407
18404
18401
18400
18401
18402
18402
18403
18406
18410
18415
18419
18418
18416
18413
18411
18410
18413
18418
18422
18420
18417
18413
18407
18404
18406
18409
18412
18414
18411
18408
18405
18402
18403
18407
18414
18419
18423
18423
18423
18420
18416
18413
18411
18409
18408
18408
18408
18410
18413
18415
18417
18419
18418
18417
18415
18415
18415
18414
18413
18413
18410
18409
18408
18407
18409
18410
18411
18412
18413
18411
18405
18401
18398
18396
18398
18405
18410
18411
18410
18408
18405
18403
18403
18404
18407
18409
18411
18412
18412
18409
18408
18408
18407
18406
18405
18405
18405
18407
18410
18413
18415
18416
18418
18419
18416
18414
18413
18413
18412
18414
18416
18417
18417
18417
18415
18414
18416
18415
18414
18414
18413
18411
18413
18415
18417
18418
18419
18419
18418
18416
18413
18411
18411
18409
18408
18408
18407
18406
18407
18409
18408
18407
18406
18403
18403
18405
18408
18410
18411
18412
18414
18414
18412
18413
18414
18413
18412
18414
18415
18414
18414
18412
18410
18408
18407
18409
18412
18413
18413
18411
18409
18406
18404
18404
18403
18400
18401
18402
18402
18402
18404
18403
18402
18403
18403
18406
18408
18411
18410
18409
18408
18407
18406
18406
18407
18407
18406
18404
18403
18401
18400
18401
18404
18408
18412
18415
18417
18416
18413
18410
18409
18410
18415
18422
18429
18432
18433
18433
18433
18433
18435
18438
18440
18441
18439
18438
18437
18435
18435
18437
18436
18434
18434
18434
18432
18431
18431
18432
18430
18428
18426
18425
18423
18421
18420
18418
18414
18411
18410
18410
18411
18411
18412
18413
18415
18416
18418
18420
18421
18423
18426
18427
18426
18424
18423
18421
18420
18421
18421
18421
18420
18420
18418
18417
18415
18417
18417
18416
18415
18412
18406
18403
18404
18405
18405
18407
18407
18405
18401
18398
18395
18391
18389
18389
18389
18390
18390
18390
18390
18390
18389
18388
18385
18384
18383
18383
18385
18389
18393
18395
18395
18394
18393
18392
18391
18392
18393
18390
18387
18384
18382
18378
18376
18375
18373
18371
18371
18369
18365
18363
18363
18365
18369
18374
18377
18378
18377
18376
18375
18374
18374
18373
18373
18373
18375
18378
18381
18382
18385
18387
