VTS 
000012C
000012D
000012E
000012F
0000130
0000131
0000132
0000133
0000134
0000135
0000136
0000137
0000138
0000139
000013A
000013B
000013C
000013D
000013E
000013F
0000140
0000141
0000142
0000143
0000144
0000145
0000146
0000147
0000148
0000149
000014A
000014B
000014C
000014D
000014E
000014F
0000150
0000151
0000152
0000153
0000154
0000155
0000156
0000157
0000158
0000159
000015A
000015B
000015C
000015D
000015E
000015F
0000160
0000161
0000162
0000163
0000164
0000165
0000166
0000167
0000168
0000169
000016A
000016B
000016C
000016D
000016E
000016F
0000170
0000171
0000172
0000173
0000174
0000175
0000176
0000177
0000178
0000179
000017A
000017B
000017C
000017D
000017E
000017F
0000180
0000181
0000182
0000183
0000184
0000185
0000186
0000187
0000188
0000189
000018A
000018B
000018C
000018D
000018E
000018F
0000190
0000191
0000192
0000193
0000194
0000195
0000196
0000197
0000198
0000199
000019A
000019B
000019C
000019D
000019E
000019F
00001A0
00001A1
00001A2
00001A3
00001A4
00001A5
00001A6
00001A7
00001A8
00001A9
00001AA
00001AB
00001AC
00001AD
00001AE
00001AF
00001B0
00001B1
00001B2
00001B3
00001B4
00001B5
00001B6
00001B7
00001B8
00001B9
00001BA
00001BB
00001BC
00001BD
00001BE
00001BF
00001C0
00001C1
00001C2
00001C3
00001C4
00001C5
00001C6
00001C7
00001C8
00001C9
00001CA
00001CB
00001CC
00001CD
00001CE
00001CF
00001D0
00001D1
00001D2
00001D3
00001D4
00001D5
00001D6
00001D7
00001D8
00001D9
00001DA
00001DB
00001DC
00001DD
00001DE
00001DF
00001E0
00001E1
00001E2
00001E3
00001E4
00001E5
00001E6
00001E7
00001E8
00001E9
00001EA
00001EB
00001EC
00001ED
00001EE
00001EF
00001F0
00001F1
00001F2
00001F3
00001F4
00001F5
00001F6
00001F7
00001F8
00001F9
00001FA
00001FB
00001FC
00001FD
00001FE
00001FF
0000200
0000201
0000202
0000203
0000204
0000205
0000206
0000207
0000208
0000209
000020A
000020B
000020C
000020D
000020E
000020F
0000210
0000211
0000212
0000213
0000214
0000215
0000216
0000217
0000218
0000219
000021A
000021B
000021C
000021D
000021E
000021F
0000220
0000221
0000222
0000223
0000224
0000225
0000226
0000227
0000228
0000229
000022A
000022B
000022C
000022D
000022E
000022F
0000230
0000231
0000232
0000233
0000234
0000235
0000236
0000237
0000238
0000239
000023A
000023B
000023C
000023D
000023E
000023F
0000240
0000241
0000242
0000243
0000244
0000245
0000246
0000247
0000248
0000249
000024A
000024B
000024C
000024D
000024E
000024F
0000250
0000251
0000252
0000253
0000254
0000255
0000256
0000257
0000258
0000259
000025A
000025B
000025C
000025D
000025E
000025F
0000260
0000261
0000262
0000263
0000264
0000265
0000266
0000267
0000268
0000269
000026A
000026B
000026C
000026D
000026E
000026F
0000270
0000271
0000272
0000273
0000274
0000275
0000276
0000277
0000278
0000279
000027A
000027B
000027C
000027D
000027E
000027F
0000280
0000281
0000282
0000283
0000284
0000285
0000286
0000287
0000288
0000289
000028A
000028B
000028C
000028D
000028E
000028F
0000290
0000291
0000292
0000293
0000294
0000295
0000296
0000297
0000298
0000299
000029A
000029B
000029C
000029D
000029E
000029F
00002A0
00002A1
00002A2
00002A3
00002A4
00002A5
00002A6
00002A7
00002A8
00002A9
00002AA
00002AB
00002AC
00002AD
00002AE
00002AF
00002B0
00002B1
00002B2
00002B3
00002B4
00002B5
00002B6
00002B7
00002B8
00002B9
00002BA
00002BB
00002BC
00002BD
00002BE
00002BF
00002C0
00002C1
00002C2
00002C3
00002C4
00002C5
00002C6
00002C7
00002C8
00002C9
00002CA
00002CB
00002CC
00002CD
00002CE
00002CF
00002D0
00002D1
00002D2
00002D3
00002D4
00002D5
00002D6
00002D7
00002D8
00002D9
00002DA
00002DB
00002DC
00002DD
00002DE
00002DF
00002E0
00002E1
00002E2
00002E3
00002E4
00002E5
00002E6
00002E7
00002E8
00002E9
00002EA
00002EB
00002EC
00002ED
00002EE
00002EF
00002F0
00002F1
00002F2
00002F3
00002F4
00002F5
00002F6
00002F7
00002F8
00002F9
00002FA
00002FB
00002FC
00002FD
00002FE
00002FF
0000300
0000301
0000302
0000303
0000304
0000305
0000306
0000307
0000308
0000309
000030A
000030B
000030C
000030D
000030E
000030F
0000310
0000311
0000312
0000313
0000314
0000315
0000316
0000317
0000318
0000319
000031A
000031B
000031C
000031D
000031E
000031F
0000320
0000321
0000322
0000323
0000324
0000325
0000326
0000327
0000328
0000329
000032A
000032B
000032C
000032D
000032E
000032F
0000330
0000331
0000332
0000333
0000334
0000335
0000336
0000337
0000338
0000339
000033A
000033B
000033C
000033D
000033E
000033F
0000340
0000341
0000342
0000343
0000344
0000345
0000346
0000347
0000348
0000349
000034A
000034B
000034C
000034D
000034E
000034F
0000350
0000351
0000352
0000353
0000354
0000355
0000356
0000357
0000358
0000359
000035A
000035B
000035C
000035D
000035E
000035F
0000360
0000361
0000362
0000363
0000364
0000365
0000366
0000367
0000368
0000369
000036A
000036B
000036C
000036D
000036E
000036F
0000370
0000371
0000372
0000373
0000374
0000375
0000376
0000377
0000378
0000379
000037A
000037B
000037C
000037D
000037E
000037F
0000380
0000381
0000382
0000383
0000384
0000385
0000386
0000387
0000388
0000389
000038A
000038B
000038C
000038D
000038E
000038F
0000390
0000391
0000392
0000393
0000394
0000395
0000396
0000397
0000398
0000399
000039A
000039B
000039C
000039D
000039E
000039F
00003A0
00003A1
00003A2
00003A3
00003A4
00003A5
00003A6
00003A7
00003A8
00003A9
00003AA
00003AB
00003AC
00003AD
00003AE
00003AF
00003B0
00003B1
00003B2
00003B3
00003B4
00003B5
00003B6
00003B7
00003B8
00003B9
00003BA
00003BB
00003BC
00003BD
00003BE
00003BF
00003C0
00003C1
00003C2
00003C3
00003C4
00003C5
00003C6
00003C7
00003C8
00003C9
00003CA
00003CB
00003CC
00003CD
00003CE
00003CF
00003D0
00003D1
00003D2
00003D3
00003D4
00003D5
00003D6
00003D7
00003D8
00003D9
00003DA
00003DB
00003DC
00003DD
00003DE
00003DF
00003E0
00003E1
00003E2
00003E3
00003E4
00003E5
00003E6
00003E7
00003E8
00003E9
00003EA
00003EB
00003EC
00003ED
00003EE
00003EF
00003F0
00003F1
00003F2
00003F3
00003F4
00003F5
00003F6
00003F7
00003F8
00003F9
00003FA
00003FB
00003FC
00003FD
00003FE
00003FF
0000400
0000401
0000402
0000403
0000404
0000405
0000406
0000407
0000408
0000409
000040A
000040B
000040C
000040D
000040E
000040F
0000410
0000411
0000412
0000413
0000414
0000415
0000416
0000417
0000418
0000419
000041A
000041B
000041C
48A341D
48B341E
48C241F
48CA420
48D2421
48DD422
48EA423
48FA424
490C425
491A426
4922427
4925428
4923429
492142A
492142B
492242C
492542D
492C42E
493142F
4933430
4935431
4937432
4936433
4935434
4934435
4933436
4933437
4936438
4939439
493B43A
493C43B
493943C
493543D
493243E
493043F
492F440
4930441
4933442
4937443
493B444
493D445
4940446
4941447
4941448
4941449
494444A
494644B
494744C
494944D
494C44E
494E44F
4951450
4953451
4954452
4954453
4955454
4956455
4957456
495A457
495A458
4959459
495945A
495545B
495145C
494F45D
494D45E
494C45F
494B460
494A461
4949462
4946463
4943464
4941465
4940466
4940467
4940468
4941469
494046A
494046B
493F46C
493F46D
493E46E
493E46F
493F470
4942471
4945472
4947473
4949474
494A475
494A476
4949477
4946478
4942479
493D47A
493947B
493447C
493247D
493347E
493447F
4937480
493B481
4940482
4943483
4944484
4942485
493F486
493C487
493B488
493B489
493D48A
493D48B
493E48C
493C48D
493A48E
493748F
4935490
4934491
4933492
4933493
4935494
4937495
4939496
493A497
493D498
493D499
493B49A
493849B
493549C
493249D
493049E
493149F
49314A0
49334A1
49364A2
49394A3
493C4A4
493E4A5
493D4A6
493C4A7
493C4A8
493D4A9
493E4AA
493E4AB
493D4AC
493C4AD
493B4AE
493B4AF
493B4B0
493B4B1
49384B2
49344B3
49324B4
49334B5
49354B6
49384B7
493A4B8
49384B9
49374BA
49364BB
49364BC
49384BD
493A4BE
493C4BF
493C4C0
493E4C1
493F4C2
49414C3
49414C4
49404C5
493F4C6
493F4C7
49414C8
49444C9
49474CA
49494CB
494A4CC
494B4CD
494B4CE
494B4CF
494B4D0
494C4D1
494D4D2
494D4D3
494F4D4
494F4D5
49514D6
49514D7
49504D8
49504D9
494E4DA
494B4DB
494B4DC
494C4DD
494D4DE
494D4DF
494D4E0
494B4E1
494A4E2
494A4E3
494A4E4
49484E5
49464E6
49464E7
49464E8
49464E9
49474EA
49484EB
49464EC
49434ED
49424EE
49454EF
49494F0
494B4F1
494B4F2
49484F3
49444F4
493F4F5
493E4F6
49404F7
49424F8
49414F9
493F4FA
493C4FB
49394FC
49394FD
493B4FE
493E4FF
4940500
4943501
4943502
4942503
4944504
4945505
4947506
494A507
494D508
494D509
494E50A
494F50B
495050C
495050D
495050E
494F50F
494D510
494C511
494E512
4951513
4955514
4959515
495B516
4958517
4956518
4956519
495551A
495651B
495851C
495A51D
495A51E
495951F
4957520
4957521
4957522
4958523
4958524
495C525
495E526
495D527
495D528
495E529
495F52A
496152B
496252C
496152D
495F52E
495952F
4955530
4952531
4951532
4951533
4952534
4954535
4955536
4956537
4959538
4959539
495A53A
495853B
495553C
495253D
495153E
495053F
4953540
4957541
495A542
495A543
495A544
4958545
4957546
4958547
495B548
495C549
495C54A
495A54B
495854C
495754D
495854E
495A54F
495E550
4964551
4967552
496A553
496C554
496C555
496A556
496C557
496E558
496E559
497155A
497355B
497255C
496F55D
496C55E
496755F
4963560
4961561
4962562
4963563
4965564
4965565
4965566
4965567
4966568
4969569
496E56A
497056B
496F56C
496C56D
496A56E
496A56F
496C570
496F571
4973572
4975573
4972574
4971575
4973576
4973577
4973578
4975579
497657A
497457B
497257C
497257D
497257E
497057F
496F580
496F581
496E582
496D583
496F584
4971585
4970586
496F587
496F588
496F589
496F58A
496F58B
496E58C
496F58D
496E58E
496D58F
496E590
496F591
496F592
4970593
4970594
4971595
4971596
496F597
496B598
496A599
496759A
496359B
496159C
496259D
496259E
496459F
49685A0
496A5A1
496A5A2
49685A3
49675A4
49665A5
49675A6
49695A7
496D5A8
49705A9
49715AA
49735AB
49755AC
49755AD
49755AE
49775AF
49795B0
49795B1
497A5B2
497B5B3
497B5B4
497C5B5
497D5B6
497C5B7
497C5B8
497C5B9
497A5BA
497A5BB
497D5BC
497F5BD
49805BE
49825BF
49835C0
49845C1
49855C2
49875C3
498A5C4
498B5C5
498B5C6
498A5C7
49895C8
49875C9
49865CA
49865CB
49885CC
49895CD
498A5CE
498A5CF
49885D0
49865D1
49845D2
49835D3
49825D4
49825D5
49845D6
49875D7
49895D8
498B5D9
498D5DA
498F5DB
498F5DC
498C5DD
49895DE
49875DF
49845E0
49835E1
49855E2
498B5E3
498F5E4
49915E5
49925E6
49925E7
498F5E8
498D5E9
498E5EA
498F5EB
49915EC
49935ED
49955EE
49985EF
499B5F0
499C5F1
499C5F2
49995F3
49915F4
498A5F5
49865F6
49805F7
497C5F8
497C5F9
497A5FA
49785FB
497B5FC
497E5FD
49805FE
49825FF
4985600
4988601
498B602
498D603
498E604
498A605
4985606
497E607
4978608
4973609
496F60A
496F60B
497060C
497160D
497460E
497760F
4977610
4978611
497A612
497C613
497E614
4981615
4981616
497F617
497C618
4979619
497661A
497261B
497061C
497061D
497061E
497161F
4975620
4979621
497A622
4979623
4978624
4977625
4977626
4975627
4973628
496F629
496D62A
496B62B
496B62C
496F62D
497262E
497162F
496E630
496B631
4968632
4965633
4964634
4964635
4964636
4964637
4964638
4966639
496763A
496963B
496A63C
496A63D
496B63E
496C63F
496C000005159
EOS
