VTS 
000012C
000012D
000012E
000012F
0000130
0000131
0000132
0000133
0000134
0000135
0000136
0000137
0000138
0000139
000013A
000013B
000013C
000013D
000013E
000013F
0000140
0000141
0000142
0000143
0000144
0000145
0000146
0000147
0000148
0000149
000014A
000014B
000014C
000014D
000014E
000014F
0000150
0000151
0000152
0000153
0000154
0000155
0000156
0000157
0000158
0000159
000015A
000015B
000015C
000015D
000015E
000015F
0000160
0000161
0000162
0000163
0000164
0000165
0000166
0000167
0000168
0000169
000016A
000016B
000016C
000016D
000016E
000016F
0000170
0000171
0000172
0000173
0000174
0000175
0000176
0000177
0000178
0000179
000017A
000017B
000017C
000017D
000017E
000017F
0000180
0000181
0000182
0000183
0000184
0000185
0000186
0000187
0000188
0000189
000018A
000018B
000018C
000018D
000018E
000018F
0000190
0000191
0000192
0000193
0000194
0000195
0000196
0000197
0000198
0000199
000019A
000019B
000019C
000019D
000019E
000019F
00001A0
00001A1
00001A2
00001A3
00001A4
00001A5
00001A6
00001A7
00001A8
00001A9
00001AA
00001AB
00001AC
00001AD
00001AE
00001AF
00001B0
00001B1
00001B2
00001B3
00001B4
00001B5
00001B6
00001B7
00001B8
00001B9
00001BA
00001BB
00001BC
00001BD
00001BE
00001BF
00001C0
00001C1
00001C2
00001C3
00001C4
00001C5
00001C6
00001C7
00001C8
00001C9
00001CA
00001CB
00001CC
00001CD
00001CE
00001CF
00001D0
00001D1
00001D2
00001D3
00001D4
00001D5
00001D6
00001D7
00001D8
00001D9
00001DA
00001DB
00001DC
00001DD
00001DE
00001DF
00001E0
00001E1
00001E2
00001E3
00001E4
00001E5
00001E6
00001E7
00001E8
00001E9
00001EA
00001EB
00001EC
00001ED
00001EE
00001EF
00001F0
00001F1
00001F2
00001F3
00001F4
00001F5
00001F6
00001F7
00001F8
00001F9
00001FA
00001FB
00001FC
00001FD
00001FE
00001FF
0000200
0000201
0000202
0000203
0000204
0000205
0000206
0000207
0000208
0000209
000020A
000020B
000020C
000020D
000020E
000020F
0000210
0000211
0000212
0000213
0000214
0000215
0000216
0000217
0000218
0000219
000021A
000021B
000021C
000021D
000021E
000021F
0000220
0000221
0000222
0000223
0000224
0000225
0000226
0000227
0000228
0000229
000022A
000022B
000022C
000022D
000022E
000022F
0000230
0000231
0000232
0000233
0000234
0000235
0000236
0000237
0000238
0000239
000023A
000023B
000023C
000023D
000023E
000023F
0000240
0000241
0000242
0000243
0000244
0000245
0000246
0000247
0000248
0000249
000024A
000024B
000024C
000024D
000024E
000024F
0000250
0000251
0000252
0000253
0000254
0000255
0000256
0000257
0000258
0000259
000025A
000025B
000025C
000025D
000025E
000025F
0000260
0000261
0000262
0000263
0000264
0000265
0000266
0000267
0000268
0000269
000026A
000026B
000026C
000026D
000026E
000026F
0000270
0000271
0000272
0000273
0000274
0000275
0000276
0000277
0000278
0000279
000027A
000027B
000027C
000027D
000027E
000027F
0000280
0000281
0000282
0000283
0000284
0000285
0000286
0000287
0000288
0000289
000028A
000028B
000028C
000028D
000028E
000028F
0000290
0000291
0000292
0000293
0000294
0000295
0000296
0000297
0000298
0000299
000029A
000029B
000029C
000029D
000029E
000029F
00002A0
00002A1
00002A2
00002A3
00002A4
00002A5
00002A6
00002A7
00002A8
00002A9
00002AA
00002AB
00002AC
00002AD
00002AE
00002AF
00002B0
00002B1
00002B2
00002B3
00002B4
00002B5
00002B6
00002B7
00002B8
00002B9
00002BA
00002BB
00002BC
00002BD
00002BE
00002BF
00002C0
00002C1
00002C2
00002C3
00002C4
00002C5
00002C6
00002C7
00002C8
00002C9
00002CA
00002CB
00002CC
00002CD
00002CE
00002CF
00002D0
00002D1
00002D2
00002D3
00002D4
00002D5
00002D6
00002D7
00002D8
00002D9
00002DA
00002DB
00002DC
00002DD
00002DE
00002DF
00002E0
00002E1
00002E2
00002E3
00002E4
00002E5
00002E6
00002E7
00002E8
00002E9
00002EA
00002EB
00002EC
00002ED
00002EE
00002EF
00002F0
00002F1
00002F2
00002F3
00002F4
00002F5
00002F6
00002F7
00002F8
00002F9
00002FA
00002FB
00002FC
00002FD
00002FE
00002FF
0000300
0000301
0000302
0000303
0000304
0000305
0000306
0000307
0000308
0000309
000030A
000030B
000030C
000030D
000030E
000030F
0000310
0000311
0000312
0000313
0000314
0000315
0000316
0000317
0000318
0000319
000031A
000031B
000031C
000031D
000031E
000031F
0000320
0000321
0000322
0000323
0000324
0000325
0000326
0000327
0000328
0000329
000032A
000032B
000032C
000032D
000032E
000032F
0000330
0000331
0000332
0000333
0000334
0000335
0000336
0000337
0000338
0000339
000033A
000033B
000033C
000033D
000033E
000033F
0000340
0000341
0000342
0000343
0000344
0000345
0000346
0000347
0000348
0000349
000034A
000034B
000034C
000034D
000034E
000034F
0000350
0000351
0000352
0000353
0000354
0000355
0000356
0000357
0000358
0000359
000035A
000035B
000035C
000035D
000035E
000035F
0000360
0000361
0000362
0000363
0000364
0000365
0000366
0000367
0000368
0000369
000036A
000036B
000036C
000036D
000036E
000036F
0000370
0000371
0000372
0000373
0000374
0000375
0000376
0000377
0000378
0000379
000037A
000037B
000037C
000037D
000037E
000037F
0000380
0000381
0000382
0000383
0000384
0000385
0000386
0000387
0000388
0000389
000038A
000038B
000038C
000038D
000038E
000038F
0000390
0000391
0000392
0000393
0000394
0000395
0000396
0000397
0000398
0000399
000039A
000039B
000039C
000039D
000039E
000039F
00003A0
00003A1
00003A2
00003A3
00003A4
00003A5
00003A6
00003A7
00003A8
00003A9
00003AA
00003AB
00003AC
00003AD
00003AE
00003AF
00003B0
00003B1
00003B2
00003B3
00003B4
00003B5
00003B6
00003B7
00003B8
00003B9
00003BA
00003BB
00003BC
00003BD
00003BE
00003BF
00003C0
00003C1
00003C2
00003C3
00003C4
00003C5
00003C6
00003C7
00003C8
00003C9
00003CA
00003CB
00003CC
00003CD
00003CE
00003CF
00003D0
00003D1
00003D2
00003D3
00003D4
00003D5
00003D6
00003D7
00003D8
00003D9
00003DA
00003DB
00003DC
00003DD
00003DE
00003DF
00003E0
00003E1
00003E2
00003E3
00003E4
00003E5
00003E6
00003E7
00003E8
00003E9
478C3EA
479C3EB
47A93EC
47B43ED
47C03EE
47CC3EF
47D83F0
47E13F1
47E83F2
47EC3F3
47EE3F4
47EE3F5
47F13F6
47F43F7
47F83F8
47FA3F9
47FF3FA
48013FB
48013FC
48013FD
48023FE
48013FF
4801400
47FF401
47FC402
47F7403
47F5404
47F4405
47F5406
47F8407
47FE408
4801409
480440A
480740B
480940C
480940D
480A40E
480840F
4806410
4807411
4808412
4809413
4811414
4816415
4818416
4817417
4816418
4812419
480F41A
480F41B
481141C
481341D
481341E
481441F
4815420
4812421
480F422
480D423
4808424
4805425
4806426
4808427
480B428
4810429
481442A
481642B
481742C
481542D
481342E
481242F
4814430
4816431
481C432
481E433
481E434
481B435
4815436
4810437
480C438
480C439
480E43A
481243B
481543C
481843D
481843E
481543F
4814440
4815441
4817442
4817443
4817444
4819445
481A446
481D447
4821448
4823449
482144A
481E44B
481C44C
481944D
481944E
481B44F
481D450
481F451
4822452
4824453
4825454
4823455
4821456
481E457
481A458
4819459
481945A
481A45B
481945C
481945D
481845E
481645F
4817460
481A461
481D462
481F463
4821464
4821465
481E466
481A467
4818468
4816469
481346A
481146B
480F46C
480E46D
480D46E
480D46F
480E470
4810471
4812472
4815473
4816474
4817475
4817476
4817477
4817478
4815479
481447A
481547B
481447C
481547D
481747E
481547F
4810480
480C481
4808482
4805483
4803484
4801485
47FE486
47F9487
47F8488
47F9489
47FB48A
47FC48B
47FC48C
47F848D
47F448E
47F348F
47F4490
47F5491
47F7492
47F9493
47FA494
47FB495
47FC496
47FE497
47FE498
47FC499
47FA49A
47F949B
47F949C
47FA49D
47FB49E
47FB49F
47FA4A0
47F84A1
47F74A2
47F64A3
47F74A4
47F84A5
47FB4A6
47FD4A7
47FE4A8
47FF4A9
48004AA
47FD4AB
47F94AC
47F74AD
47F74AE
47F84AF
47F94B0
47FA4B1
47FB4B2
47FA4B3
47FA4B4
47FB4B5
47FC4B6
47FA4B7
47FA4B8
47F74B9
47F84BA
47FA4BB
47FF4BC
48024BD
48044BE
48044BF
48034C0
47FE4C1
47F94C2
47F74C3
47F64C4
47F54C5
47F64C6
47F84C7
47F94C8
47F84C9
47F64CA
47F24CB
47EF4CC
47EB4CD
47E94CE
47E84CF
47E94D0
47EA4D1
47EC4D2
47EF4D3
47F04D4
47F04D5
47EF4D6
47ED4D7
47EC4D8
47EB4D9
47ED4DA
47EF4DB
47F14DC
47F14DD
47F14DE
47EF4DF
47EB4E0
47E74E1
47E44E2
47E14E3
47E04E4
47E14E5
47E24E6
47E24E7
47E34E8
47E64E9
47EA4EA
47EF4EB
47F34EC
47F24ED
47F04EE
47ED4EF
47EB4F0
47EA4F1
47ED4F2
47F24F3
47F64F4
47F44F5
47F14F6
47ED4F7
47E74F8
47E44F9
47E64FA
47E94FB
47EC4FC
47EE4FD
47EB4FE
47E84FF
47E5500
47E2501
47E3502
47E7503
47EE504
47F3505
47F7506
47F7507
47F7508
47F4509
47F050A
47ED50B
47EB50C
47E950D
47E850E
47E850F
47E8510
47EA511
47ED512
47EF513
47F1514
47F3515
47F2516
47F1517
47EF518
47EF519
47EF51A
47EE51B
47ED51C
47ED51D
47EA51E
47E951F
47E8520
47E7521
47E9522
47EA523
47EB524
47EC525
47ED526
47EB527
47E5528
47E1529
47DE52A
47DC52B
47DE52C
47E552D
47EA52E
47EB52F
47EA530
47E8531
47E5532
47E3533
47E3534
47E4535
47E7536
47E9537
47EB538
47EC539
47EC53A
47E953B
47E853C
47E853D
47E753E
47E653F
47E5540
47E5541
47E5542
47E7543
47EA544
47ED545
47EF546
47F0547
47F2548
47F3549
47F054A
47EE54B
47ED54C
47ED54D
47EC54E
47EE54F
47F0550
47F1551
47F1552
47F1553
47EF554
47EE555
47F0556
47EF557
47EE558
47EE559
47ED55A
47EB55B
47ED55C
47EF55D
47F155E
47F255F
47F3560
47F3561
47F2562
47F0563
47ED564
47EB565
47EB566
47E9567
47E8568
47E8569
47E756A
47E656B
47E756C
47E956D
47E856E
47E756F
47E6570
47E3571
47E3572
47E5573
47E8574
47EA575
47EB576
47EC577
47EE578
47EE579
47EC57A
47ED57B
47EE57C
47ED57D
47EC57E
47EE57F
47EF580
47EE581
47EE582
47EC583
47EA584
47E8585
47E7586
47E9587
47EC588
47ED589
47ED58A
47EB58B
47E958C
47E658D
47E458E
47E458F
47E3590
47E0591
47E1592
47E2593
47E2594
47E2595
47E4596
47E3597
47E2598
47E3599
47E359A
47E659B
47E859C
47EB59D
47EA59E
47E959F
47E85A0
47E75A1
47E65A2
47E65A3
47E75A4
47E75A5
47E65A6
47E45A7
47E35A8
47E15A9
47E05AA
47E15AB
47E45AC
47E85AD
47EC5AE
47EF5AF
47F15B0
47F05B1
47ED5B2
47EA5B3
47E95B4
47EA5B5
47EF5B6
47F65B7
47FD5B8
48005B9
48015BA
48015BB
48015BC
48015BD
48035BE
48065BF
48085C0
48095C1
48075C2
48065C3
48055C4
48035C5
48035C6
48055C7
48045C8
48025C9
48025CA
48025CB
48005CC
47FF5CD
47FF5CE
48005CF
47FE5D0
47FC5D1
47FA5D2
47F95D3
47F75D4
47F55D5
47F45D6
47F25D7
47EE5D8
47EB5D9
47EA5DA
47EA5DB
47EB5DC
47EB5DD
47EC5DE
47ED5DF
47EF5E0
47F05E1
47F25E2
47F45E3
47F55E4
47F75E5
47FA5E6
47FB5E7
47FA5E8
47F85E9
47F75EA
47F55EB
47F45EC
47F55ED
47F55EE
47F55EF
47F45F0
47F45F1
47F25F2
47F15F3
47EF5F4
47F15F5
47F15F6
47F05F7
47EF5F8
47EC5F9
47E65FA
47E35FB
47E45FC
47E55FD
47E55FE
47E75FF
47E7600
47E5601
47E1602
47DE603
47DB604
47D7605
47D5606
47D5607
47D5608
47D6609
47D660A
47D660B
47D660C
47D660D
47D560E
47D460F
47D1610
47D0611
47CF612
47CF613
47D1614
47D5615
47D9616
47DB617
47DB618
47DA619
47D961A
47D861B
47D761C
47D861D
47D961E
47D661F
47D3620
47D0621
47CE622
47CA623
47C8624
47C7625
47C5626
47C3627
47C3628
47C1629
47BD62A
47BB62B
47BB62C
47BD62D
47C162E
47C662F
47C9630
47CA631
47C9632
47C8633
47C7634
47C6635
47C6636
47C5637
47C5638
47C5639
47C763A
47CA63B
47CD63C
47CE63D
47D163E
47D363F
47D3000005159
EOS
